Debug|Reading config...
Debug|Reading referenced images from 'C:\Users\Macyrate\Downloads\EVA_font'
Trace|Loading resources for 2 'Background'
Trace|Loading resources for 2.1 'Image'
Trace|Loading image 0...
Trace|Image was loaded from file C:\Users\Macyrate\Downloads\EVA_font\0000.png
Trace|Loading resources for 3 'Time'
Trace|Loading resources for 3.1 'TwoDigits'
Trace|Loading resources for 3.1.1 'ImageSet'
Trace|Loading image 1...
Trace|Image was loaded from file C:\Users\Macyrate\Downloads\EVA_font\0023.png
Trace|Loading image 2...
Trace|Image was loaded from file C:\Users\Macyrate\Downloads\EVA_font\0024.png
Trace|Loading image 3...
Trace|Image was loaded from file C:\Users\Macyrate\Downloads\EVA_font\0025.png
Trace|Loading resources for 3.1.2 'ImageSet'
Trace|Loading image 4...
Trace|Image was loaded from file C:\Users\Macyrate\Downloads\EVA_font\0011.png
Trace|Loading image 5...
Trace|Image was loaded from file C:\Users\Macyrate\Downloads\EVA_font\0012.png
Trace|Loading image 6...
Trace|Image was loaded from file C:\Users\Macyrate\Downloads\EVA_font\0013.png
Trace|Loading image 7...
Trace|Image was loaded from file C:\Users\Macyrate\Downloads\EVA_font\0014.png
Trace|Loading image 8...
Trace|Image was loaded from file C:\Users\Macyrate\Downloads\EVA_font\0015.png
Trace|Loading image 9...
Trace|Image was loaded from file C:\Users\Macyrate\Downloads\EVA_font\0016.png
Trace|Loading image 10...
Trace|Image was loaded from file C:\Users\Macyrate\Downloads\EVA_font\0017.png
Trace|Loading image 11...
Trace|Image was loaded from file C:\Users\Macyrate\Downloads\EVA_font\0018.png
Trace|Loading image 12...
Trace|Image was loaded from file C:\Users\Macyrate\Downloads\EVA_font\0019.png
Trace|Loading image 13...
Trace|Image was loaded from file C:\Users\Macyrate\Downloads\EVA_font\0020.png
Trace|Loading resources for 3.2 'TwoDigits'
Trace|Loading resources for 3.2.1 'ImageSet'
Trace|Loading image 14...
Trace|Image was loaded from file C:\Users\Macyrate\Downloads\EVA_font\0026.png
Trace|Loading image 15...
Trace|Image was loaded from file C:\Users\Macyrate\Downloads\EVA_font\0027.png
Trace|Loading image 16...
Trace|Image was loaded from file C:\Users\Macyrate\Downloads\EVA_font\0028.png
Trace|Loading image 17...
Trace|Image was loaded from file C:\Users\Macyrate\Downloads\EVA_font\0029.png
Trace|Loading image 18...
Trace|Image was loaded from file C:\Users\Macyrate\Downloads\EVA_font\0030.png
Trace|Loading image 19...
Trace|Image was loaded from file C:\Users\Macyrate\Downloads\EVA_font\0031.png
Trace|Loading resources for 3.2.2 'ImageSet'
Trace|Loading image 20...
Trace|Image was loaded from file C:\Users\Macyrate\Downloads\EVA_font\0001.png
Trace|Loading image 21...
Trace|Image was loaded from file C:\Users\Macyrate\Downloads\EVA_font\0002.png
Trace|Loading image 22...
Trace|Image was loaded from file C:\Users\Macyrate\Downloads\EVA_font\0003.png
Trace|Loading image 23...
Trace|Image was loaded from file C:\Users\Macyrate\Downloads\EVA_font\0004.png
Trace|Loading image 24...
Trace|Image was loaded from file C:\Users\Macyrate\Downloads\EVA_font\0005.png
Trace|Loading image 25...
Trace|Image was loaded from file C:\Users\Macyrate\Downloads\EVA_font\0006.png
Trace|Loading image 26...
Trace|Image was loaded from file C:\Users\Macyrate\Downloads\EVA_font\0007.png
Trace|Loading image 27...
Trace|Image was loaded from file C:\Users\Macyrate\Downloads\EVA_font\0008.png
Trace|Loading image 28...
Trace|Image was loaded from file C:\Users\Macyrate\Downloads\EVA_font\0009.png
Trace|Loading image 29...
Trace|Image was loaded from file C:\Users\Macyrate\Downloads\EVA_font\0010.png
Trace|Loading resources for 5 'Date'
Trace|Loading resources for 5.3 'DayAmPm'
Trace|Loading image 30...
Trace|Image was loaded from file C:\Users\Macyrate\Downloads\EVA_font\0021.png
Trace|Loading image 31...
Trace|Image was loaded from file C:\Users\Macyrate\Downloads\EVA_font\0022.png
Trace|Building parameters for watch face...
Trace|2.1.1 'X': 0
Trace|2.1.2 'Y': 0
Trace|2.1.3 'ImageIndex': 0
Trace|2.1 'Image'
Trace|2 'Background'
Trace|3.1.1.1 'X': 70
Trace|3.1.1.2 'Y': 10
Trace|3.1.1.3 'ImageIndex': 23
Trace|3.1.1.4 'ImagesCount': 3
Trace|3.1.1 'Tens'
Trace|3.1.2.1 'X': 70
Trace|3.1.2.2 'Y': 60
Trace|3.1.2.3 'ImageIndex': 11
Trace|3.1.2.4 'ImagesCount': 10
Trace|3.1.2 'Ones'
Trace|3.1 'Hours'
Trace|3.2.1.1 'X': 28
Trace|3.2.1.2 'Y': 211
Trace|3.2.1.3 'ImageIndex': 26
Trace|3.2.1.4 'ImagesCount': 6
Trace|3.2.1 'Tens'
Trace|3.2.2.1 'X': 51
Trace|3.2.2.2 'Y': 211
Trace|3.2.2.3 'ImageIndex': 1
Trace|3.2.2.4 'ImagesCount': 10
Trace|3.2.2 'Ones'
Trace|3.2 'Minutes'
Trace|3 'Time'
Trace|5.3.1 'TopLeftX': 10
Trace|5.3.2 'TopLeftY': 10
Trace|5.3.3 'ImageIndexAMCN': 21
Trace|5.3.4 'ImageIndexPMCN': 22
Trace|5.3.5 'ImageIndexAMEN': 0
Trace|5.3.6 'ImageIndexPMEN': 0
Trace|5.3 'DayAmPm'
Trace|5 'Date'
Debug|Generating previews...
Debug|Writing watch face to 'C:\Users\Macyrate\Downloads\EVA_font\EVA_font_packed.bin'
Trace|Encoding parameters...
Trace|Parameter: 2
Trace|1 (0A):
Trace|    1 (08): 0 (00)
Trace|    2 (10): 0 (00)
Trace|    3 (18): 0 (00)
Trace|8 bytes
Trace|Parameter: 3
Trace|1 (0A):
Trace|    1 (0A):
Trace|        1 (08): 70 (46)
Trace|        2 (10): 10 (0A)
Trace|        3 (18): 23 (17)
Trace|        4 (20): 3 (03)
Trace|    10 bytes
Trace|    2 (12):
Trace|        1 (08): 70 (46)
Trace|        2 (10): 60 (3C)
Trace|        3 (18): 11 (0B)
Trace|        4 (20): 10 (0A)
Trace|    10 bytes
Trace|22 bytes
Trace|2 (12):
Trace|    1 (0A):
Trace|        1 (08): 28 (1C)
Trace|        2 (10): 211 (D3)
Trace|        3 (18): 26 (1A)
Trace|        4 (20): 6 (06)
Trace|    11 bytes
Trace|    2 (12):
Trace|        1 (08): 51 (33)
Trace|        2 (10): 211 (D3)
Trace|        3 (18): 1 (01)
Trace|        4 (20): 10 (0A)
Trace|    11 bytes
Trace|24 bytes
Trace|Parameter: 5
Trace|3 (1A):
Trace|    1 (08): 10 (0A)
Trace|    2 (10): 10 (0A)
Trace|    3 (18): 21 (15)
Trace|    4 (20): 22 (16)
Trace|    5 (28): 0 (00)
Trace|    6 (30): 0 (00)
Trace|14 bytes
Trace|Encoding offsets and lengths...
Trace|1 (0A):
Trace|    1 (08): 68 (44)
Trace|    2 (10): 32 (20)
Trace|6 bytes
Trace|2 (12):
Trace|    1 (08): 0 (00)
Trace|    2 (10): 8 (08)
Trace|6 bytes
Trace|3 (1A):
Trace|    1 (08): 8 (08)
Trace|    2 (10): 46 (2E)
Trace|6 bytes
Trace|5 (2A):
Trace|    1 (08): 54 (36)
Trace|    2 (10): 14 (0E)
Trace|6 bytes
Trace|Writing header...
Trace|Writing parameters offsets and lengths...
Trace|Writing parameters...
Trace|Writing images...
Trace|Resource 0 offset is 0...
Debug|Encoding resource 0...
Trace|No Transparency image...
Trace|Writing image header...
Trace|Width: 120, Height: 240, RowLength: 240
Trace|BPP: 16, PaletteColors: 0, Transaparency: 0
Trace|Writing image...
Trace|Resource 1 offset is 57616...
Debug|Encoding resource 1...
Trace|No Transparency image...
Trace|Writing image header...
Trace|Width: 20, Height: 24, RowLength: 40
Trace|BPP: 16, PaletteColors: 0, Transaparency: 0
Trace|Writing image...
Trace|Resource 2 offset is 58592...
Debug|Encoding resource 2...
Trace|No Transparency image...
Trace|Writing image header...
Trace|Width: 20, Height: 24, RowLength: 40
Trace|BPP: 16, PaletteColors: 0, Transaparency: 0
Trace|Writing image...
Trace|Resource 3 offset is 59568...
Debug|Encoding resource 3...
Trace|No Transparency image...
Trace|Writing image header...
Trace|Width: 20, Height: 24, RowLength: 40
Trace|BPP: 16, PaletteColors: 0, Transaparency: 0
Trace|Writing image...
Trace|Resource 4 offset is 60544...
Debug|Encoding resource 4...
Trace|No Transparency image...
Trace|Writing image header...
Trace|Width: 20, Height: 24, RowLength: 40
Trace|BPP: 16, PaletteColors: 0, Transaparency: 0
Trace|Writing image...
Trace|Resource 5 offset is 61520...
Debug|Encoding resource 5...
Trace|No Transparency image...
Trace|Writing image header...
Trace|Width: 20, Height: 24, RowLength: 40
Trace|BPP: 16, PaletteColors: 0, Transaparency: 0
Trace|Writing image...
Trace|Resource 6 offset is 62496...
Debug|Encoding resource 6...
Trace|No Transparency image...
Trace|Writing image header...
Trace|Width: 20, Height: 24, RowLength: 40
Trace|BPP: 16, PaletteColors: 0, Transaparency: 0
Trace|Writing image...
Trace|Resource 7 offset is 63472...
Debug|Encoding resource 7...
Trace|No Transparency image...
Trace|Writing image header...
Trace|Width: 20, Height: 24, RowLength: 40
Trace|BPP: 16, PaletteColors: 0, Transaparency: 0
Trace|Writing image...
Trace|Resource 8 offset is 64448...
Debug|Encoding resource 8...
Trace|No Transparency image...
Trace|Writing image header...
Trace|Width: 20, Height: 24, RowLength: 40
Trace|BPP: 16, PaletteColors: 0, Transaparency: 0
Trace|Writing image...
Trace|Resource 9 offset is 65424...
Debug|Encoding resource 9...
Trace|No Transparency image...
Trace|Writing image header...
Trace|Width: 20, Height: 24, RowLength: 40
Trace|BPP: 16, PaletteColors: 0, Transaparency: 0
Trace|Writing image...
Trace|Resource 10 offset is 66400...
Debug|Encoding resource 10...
Trace|No Transparency image...
Trace|Writing image header...
Trace|Width: 20, Height: 24, RowLength: 40
Trace|BPP: 16, PaletteColors: 0, Transaparency: 0
Trace|Writing image...
Trace|Resource 11 offset is 67376...
Debug|Encoding resource 11...
Trace|No Transparency image...
Trace|Writing image header...
Trace|Width: 40, Height: 48, RowLength: 80
Trace|BPP: 16, PaletteColors: 0, Transaparency: 0
Trace|Writing image...
Trace|Resource 12 offset is 71232...
Debug|Encoding resource 12...
Trace|No Transparency image...
Trace|Writing image header...
Trace|Width: 40, Height: 48, RowLength: 80
Trace|BPP: 16, PaletteColors: 0, Transaparency: 0
Trace|Writing image...
Trace|Resource 13 offset is 75088...
Debug|Encoding resource 13...
Trace|No Transparency image...
Trace|Writing image header...
Trace|Width: 40, Height: 48, RowLength: 80
Trace|BPP: 16, PaletteColors: 0, Transaparency: 0
Trace|Writing image...
Trace|Resource 14 offset is 78944...
Debug|Encoding resource 14...
Trace|No Transparency image...
Trace|Writing image header...
Trace|Width: 40, Height: 48, RowLength: 80
Trace|BPP: 16, PaletteColors: 0, Transaparency: 0
Trace|Writing image...
Trace|Resource 15 offset is 82800...
Debug|Encoding resource 15...
Trace|No Transparency image...
Trace|Writing image header...
Trace|Width: 40, Height: 48, RowLength: 80
Trace|BPP: 16, PaletteColors: 0, Transaparency: 0
Trace|Writing image...
Trace|Resource 16 offset is 86656...
Debug|Encoding resource 16...
Trace|No Transparency image...
Trace|Writing image header...
Trace|Width: 40, Height: 48, RowLength: 80
Trace|BPP: 16, PaletteColors: 0, Transaparency: 0
Trace|Writing image...
Trace|Resource 17 offset is 90512...
Debug|Encoding resource 17...
Trace|No Transparency image...
Trace|Writing image header...
Trace|Width: 40, Height: 48, RowLength: 80
Trace|BPP: 16, PaletteColors: 0, Transaparency: 0
Trace|Writing image...
Trace|Resource 18 offset is 94368...
Debug|Encoding resource 18...
Trace|No Transparency image...
Trace|Writing image header...
Trace|Width: 40, Height: 48, RowLength: 80
Trace|BPP: 16, PaletteColors: 0, Transaparency: 0
Trace|Writing image...
Trace|Resource 19 offset is 98224...
Debug|Encoding resource 19...
Trace|No Transparency image...
Trace|Writing image header...
Trace|Width: 40, Height: 48, RowLength: 80
Trace|BPP: 16, PaletteColors: 0, Transaparency: 0
Trace|Writing image...
Trace|Resource 20 offset is 102080...
Debug|Encoding resource 20...
Trace|No Transparency image...
Trace|Writing image header...
Trace|Width: 40, Height: 48, RowLength: 80
Trace|BPP: 16, PaletteColors: 0, Transaparency: 0
Trace|Writing image...
Trace|Resource 21 offset is 105936...
Debug|Encoding resource 21...
Trace|No Transparency image...
Trace|Writing image header...
Trace|Width: 54, Height: 48, RowLength: 108
Trace|BPP: 16, PaletteColors: 0, Transaparency: 0
Trace|Writing image...
Trace|Resource 22 offset is 111136...
Debug|Encoding resource 22...
Trace|No Transparency image...
Trace|Writing image header...
Trace|Width: 54, Height: 48, RowLength: 108
Trace|BPP: 16, PaletteColors: 0, Transaparency: 0
Trace|Writing image...
Trace|Resource 23 offset is 116336...
Debug|Encoding resource 23...
Trace|No Transparency image...
Trace|Writing image header...
Trace|Width: 40, Height: 48, RowLength: 80
Trace|BPP: 16, PaletteColors: 0, Transaparency: 0
Trace|Writing image...
Trace|Resource 24 offset is 120192...
Debug|Encoding resource 24...
Trace|No Transparency image...
Trace|Writing image header...
Trace|Width: 40, Height: 48, RowLength: 80
Trace|BPP: 16, PaletteColors: 0, Transaparency: 0
Trace|Writing image...
Trace|Resource 25 offset is 124048...
Debug|Encoding resource 25...
Trace|No Transparency image...
Trace|Writing image header...
Trace|Width: 40, Height: 48, RowLength: 80
Trace|BPP: 16, PaletteColors: 0, Transaparency: 0
Trace|Writing image...
Trace|Resource 26 offset is 127904...
Debug|Encoding resource 26...
Trace|No Transparency image...
Trace|Writing image header...
Trace|Width: 20, Height: 24, RowLength: 40
Trace|BPP: 16, PaletteColors: 0, Transaparency: 0
Trace|Writing image...
Trace|Resource 27 offset is 128880...
Debug|Encoding resource 27...
Trace|No Transparency image...
Trace|Writing image header...
Trace|Width: 20, Height: 24, RowLength: 40
Trace|BPP: 16, PaletteColors: 0, Transaparency: 0
Trace|Writing image...
Trace|Resource 28 offset is 129856...
Debug|Encoding resource 28...
Trace|No Transparency image...
Trace|Writing image header...
Trace|Width: 20, Height: 24, RowLength: 40
Trace|BPP: 16, PaletteColors: 0, Transaparency: 0
Trace|Writing image...
Trace|Resource 29 offset is 130832...
Debug|Encoding resource 29...
Trace|No Transparency image...
Trace|Writing image header...
Trace|Width: 20, Height: 24, RowLength: 40
Trace|BPP: 16, PaletteColors: 0, Transaparency: 0
Trace|Writing image...
Trace|Resource 30 offset is 131808...
Debug|Encoding resource 30...
Trace|No Transparency image...
Trace|Writing image header...
Trace|Width: 20, Height: 24, RowLength: 40
Trace|BPP: 16, PaletteColors: 0, Transaparency: 0
Trace|Writing image...
Trace|Resource 31 offset is 132784...
Debug|Encoding resource 31...
Trace|No Transparency image...
Trace|Writing image header...
Trace|Width: 20, Height: 24, RowLength: 40
Trace|BPP: 16, PaletteColors: 0, Transaparency: 0
Trace|Writing image...
Trace|Writing resources offsets table
Debug|Writing resources
